TN:
SF:/home/matic/Documents/Master 2. godina/VS/AnalizaProjekta/2024_Analysis_Sudoku-Solver/external/Sudoku-Solver/sudokusolver.cpp
FN:17,20,_ZN12SudokuSolverD0Ev
FN:17,20,_ZN12SudokuSolverD2Ev
FN:23,51,_ZN12SudokuSolver9isAllowedERSt6vectorIS0_IiSaIiEESaIS2_EEiii
FN:53,83,_ZN12SudokuSolver11solvesudokuERSt6vectorIS0_IiSaIiEESaIS2_EEii
FN:7,15,_ZN12SudokuSolverC2EP7QWidget
FN:85,144,_ZN12SudokuSolver11solveSudokuEv
FNDA:0,_ZN12SudokuSolverD0Ev
FNDA:8,_ZN12SudokuSolverD2Ev
FNDA:38728,_ZN12SudokuSolver9isAllowedERSt6vectorIS0_IiSaIiEESaIS2_EEiii
FNDA:4329,_ZN12SudokuSolver11solvesudokuERSt6vectorIS0_IiSaIiEESaIS2_EEii
FNDA:8,_ZN12SudokuSolverC2EP7QWidget
FNDA:0,_ZN12SudokuSolver11solveSudokuEv
FNF:6
FNH:4
DA:7,8
DA:9,8
DA:11,8
DA:14,8
DA:15,8
DA:17,8
DA:19,8
DA:20,8
DA:23,38728
DA:25,263509
DA:26,245487
DA:32,112193
DA:33,106433
DA:39,5760
DA:40,5760
DA:42,20384
DA:43,61281
DA:44,46657
DA:53,4329
DA:55,7109
DA:60,7107
DA:61,470
DA:64,6637
DA:67,6637
DA:68,2310
DA:71,42999
DA:72,38723
DA:73,4326
DA:74,4326
DA:75,4326
DA:78,4275
DA:85,0
DA:88,0
DA:90,0
DA:92,0
DA:93,0
DA:94,0
DA:96,0
DA:97,0
DA:99,0
DA:100,0
DA:101,0
DA:102,0
DA:104,0
DA:106,0
DA:107,0
DA:108,0
DA:115,0
DA:116,0
DA:117,0
DA:118,0
DA:119,0
DA:120,0
DA:126,0
DA:127,0
DA:129,0
DA:131,0
DA:132,0
DA:133,0
DA:135,0
DA:136,0
DA:142,0
DA:144,0
LF:63
LH:31
end_of_record
TN:
SF:/home/matic/Documents/Master 2. godina/VS/AnalizaProjekta/2024_Analysis_Sudoku-Solver/external/Sudoku-Solver/ui_sudokusolver.h
FN:117,639,_ZN15Ui_SudokuSolver7setupUiEP11QMainWindow
FN:641,646,_ZN15Ui_SudokuSolver13retranslateUiEP11QMainWindow
FNDA:8,_ZN15Ui_SudokuSolver7setupUiEP11QMainWindow
FNDA:8,_ZN15Ui_SudokuSolver13retranslateUiEP11QMainWindow
FNF:2
FNH:2
DA:117,8
DA:119,8
DA:120,16
DA:121,8
DA:122,8
DA:123,8
DA:124,8
DA:125,8
DA:126,8
DA:127,8
DA:128,8
DA:129,8
DA:130,8
DA:131,8
DA:132,8
DA:133,8
DA:134,8
DA:135,8
DA:136,8
DA:138,8
DA:140,8
DA:141,8
DA:142,8
DA:144,8
DA:146,8
DA:147,8
DA:148,8
DA:150,8
DA:152,8
DA:153,8
DA:154,8
DA:156,8
DA:158,8
DA:159,8
DA:160,8
DA:162,8
DA:164,8
DA:165,8
DA:166,8
DA:168,8
DA:170,8
DA:171,8
DA:172,8
DA:174,8
DA:176,8
DA:177,8
DA:178,8
DA:180,8
DA:182,8
DA:183,8
DA:184,8
DA:186,8
DA:188,8
DA:189,8
DA:190,8
DA:192,8
DA:194,8
DA:195,8
DA:196,8
DA:198,8
DA:200,8
DA:201,8
DA:202,8
DA:204,8
DA:206,8
DA:207,8
DA:208,8
DA:210,8
DA:212,8
DA:213,8
DA:214,8
DA:216,8
DA:218,8
DA:219,8
DA:220,8
DA:222,8
DA:224,8
DA:225,8
DA:226,8
DA:228,8
DA:230,8
DA:231,8
DA:232,8
DA:234,8
DA:236,8
DA:237,8
DA:238,8
DA:240,8
DA:242,8
DA:243,8
DA:244,8
DA:246,8
DA:248,8
DA:249,8
DA:250,8
DA:252,8
DA:254,8
DA:255,8
DA:256,8
DA:258,8
DA:260,8
DA:261,8
DA:262,8
DA:264,8
DA:266,8
DA:267,8
DA:268,8
DA:270,8
DA:272,8
DA:273,8
DA:274,8
DA:276,8
DA:278,8
DA:279,8
DA:280,8
DA:282,8
DA:284,8
DA:285,8
DA:286,8
DA:288,8
DA:290,8
DA:291,8
DA:292,8
DA:294,8
DA:296,8
DA:297,8
DA:298,8
DA:300,8
DA:302,8
DA:303,8
DA:304,8
DA:306,8
DA:308,8
DA:309,8
DA:310,8
DA:312,8
DA:314,8
DA:315,8
DA:316,8
DA:318,8
DA:320,8
DA:321,8
DA:322,8
DA:324,8
DA:326,8
DA:327,8
DA:328,8
DA:330,8
DA:332,8
DA:333,8
DA:334,8
DA:336,8
DA:338,8
DA:339,8
DA:340,8
DA:342,8
DA:344,8
DA:345,8
DA:346,8
DA:348,8
DA:350,8
DA:351,8
DA:352,8
DA:354,8
DA:356,8
DA:357,8
DA:358,8
DA:360,8
DA:362,8
DA:363,8
DA:364,8
DA:366,8
DA:368,8
DA:369,8
DA:370,8
DA:372,8
DA:374,8
DA:375,8
DA:376,8
DA:378,8
DA:380,8
DA:381,8
DA:382,8
DA:384,8
DA:386,8
DA:387,8
DA:388,8
DA:390,8
DA:392,8
DA:393,8
DA:394,8
DA:396,8
DA:398,8
DA:399,8
DA:400,8
DA:402,8
DA:404,8
DA:405,8
DA:406,8
DA:408,8
DA:410,8
DA:411,8
DA:412,8
DA:414,8
DA:416,8
DA:417,8
DA:418,8
DA:420,8
DA:422,8
DA:423,8
DA:424,8
DA:426,8
DA:428,8
DA:429,8
DA:430,8
DA:432,8
DA:434,8
DA:435,8
DA:436,8
DA:438,8
DA:440,8
DA:441,8
DA:442,8
DA:443,8
DA:445,8
DA:447,8
DA:448,8
DA:449,8
DA:451,8
DA:453,8
DA:454,8
DA:455,8
DA:457,8
DA:459,8
DA:460,8
DA:461,8
DA:463,8
DA:465,8
DA:466,8
DA:467,8
DA:469,8
DA:471,8
DA:472,8
DA:473,8
DA:475,8
DA:477,8
DA:478,8
DA:479,8
DA:481,8
DA:483,8
DA:484,8
DA:485,8
DA:487,8
DA:489,8
DA:490,8
DA:491,8
DA:493,8
DA:495,8
DA:496,8
DA:497,8
DA:499,8
DA:501,8
DA:502,8
DA:503,8
DA:505,8
DA:507,8
DA:508,8
DA:509,8
DA:511,8
DA:513,8
DA:514,8
DA:515,8
DA:517,8
DA:519,8
DA:520,8
DA:521,8
DA:523,8
DA:525,8
DA:526,8
DA:527,8
DA:529,8
DA:531,8
DA:532,8
DA:533,8
DA:535,8
DA:537,8
DA:538,8
DA:539,8
DA:541,8
DA:543,8
DA:544,8
DA:545,8
DA:547,8
DA:549,8
DA:550,8
DA:551,8
DA:553,8
DA:555,8
DA:556,8
DA:557,8
DA:559,8
DA:561,8
DA:562,8
DA:563,8
DA:565,8
DA:567,8
DA:568,8
DA:569,8
DA:571,8
DA:573,8
DA:574,8
DA:575,8
DA:577,8
DA:579,8
DA:580,8
DA:581,8
DA:583,8
DA:585,8
DA:586,8
DA:587,8
DA:589,8
DA:591,8
DA:592,8
DA:593,8
DA:595,8
DA:597,8
DA:598,8
DA:599,8
DA:601,8
DA:603,8
DA:604,8
DA:605,8
DA:607,8
DA:609,8
DA:610,8
DA:611,8
DA:613,8
DA:615,8
DA:616,8
DA:617,8
DA:619,8
DA:621,8
DA:622,8
DA:623,8
DA:624,8
DA:625,8
DA:626,8
DA:627,8
DA:628,8
DA:629,8
DA:630,8
DA:631,8
DA:632,8
DA:633,8
DA:634,8
DA:636,8
DA:638,8
DA:639,8
DA:641,8
DA:643,8
DA:644,8
DA:645,8
DA:646,8
LF:363
LH:363
end_of_record
TN:
SF:/home/matic/Qt/6.2.2/gcc_64/include/QtCore/qarraydata.h
FNF:0
FNH:0
DA:92,736
DA:94,736
DA:157,8
DA:160,8
DA:161,8
LF:5
LH:5
end_of_record
TN:
SF:/home/matic/Qt/6.2.2/gcc_64/include/QtCore/qarraydataops.h
FNF:0
FNH:0
DA:134,8
LF:1
LH:1
end_of_record
TN:
SF:/home/matic/Qt/6.2.2/gcc_64/include/QtCore/qarraydatapointer.h
FN:127,133,_ZN17QArrayDataPointerIDsED2Ev
FN:326,326,_ZN17QArrayDataPointerIDsE5derefEv
FNDA:744,_ZN17QArrayDataPointerIDsED2Ev
FNDA:744,_ZN17QArrayDataPointerIDsE5derefEv
FNF:2
FNH:2
DA:112,8
DA:127,744
DA:129,744
DA:130,8
DA:131,8
DA:133,744
DA:135,0
DA:137,0
DA:326,744
LF:9
LH:7
end_of_record
TN:
SF:/home/matic/Qt/6.2.2/gcc_64/include/QtCore/qatomic.h
FNF:0
FNH:0
DA:64,8
DA:166,8
LF:2
LH:2
end_of_record
TN:
SF:/home/matic/Qt/6.2.2/gcc_64/include/QtCore/qatomic_cxx11.h
FNF:0
FNH:0
DA:285,736
DA:287,736
LF:2
LH:2
end_of_record
TN:
SF:/home/matic/Qt/6.2.2/gcc_64/include/QtCore/qbasicatomic.h
FNF:0
FNH:0
DA:102,736
DA:208,8
LF:2
LH:2
end_of_record
TN:
SF:/home/matic/Qt/6.2.2/gcc_64/include/QtCore/qbytearrayview.h
FN:153,158,_ZN14QByteArrayView21lengthHelperCharArrayEPKcm
FN:186,188,_ZN14QByteArrayViewC2IPKcLb1EEERKT_
FNDA:712,_ZN14QByteArrayView21lengthHelperCharArrayEPKcm
FNDA:0,_ZN14QByteArrayViewC2IPKcLb1EEERKT_
FNF:2
FNH:1
DA:142,0
DA:144,0
DA:153,712
DA:155,712
DA:156,712
DA:157,712
DA:163,712
DA:164,712
DA:173,712
DA:174,712
DA:175,712
DA:186,0
DA:188,0
DA:203,712
DA:204,712
LF:15
LH:11
end_of_record
TN:
SF:/home/matic/Qt/6.2.2/gcc_64/include/QtCore/qdebug.h
FN:113,113,_ZN6QDebug10maybeSpaceEv
FN:127,127,_ZN6QDebuglsEb
FN:133,133,_ZN6QDebuglsEi
FN:141,141,_ZN6QDebuglsEPKc
FNDA:0,_ZN6QDebug10maybeSpaceEv
FNDA:0,_ZN6QDebuglsEb
FNDA:0,_ZN6QDebuglsEi
FNDA:0,_ZN6QDebuglsEPKc
FNF:4
FNH:0
DA:113,0
DA:127,0
DA:133,0
DA:141,0
LF:4
LH:0
end_of_record
TN:
SF:/home/matic/Qt/6.2.2/gcc_64/include/QtCore/qflags.h
FNF:0
FNH:0
DA:108,672
DA:109,0
LF:2
LH:1
end_of_record
TN:
SF:/home/matic/Qt/6.2.2/gcc_64/include/QtCore/qlogging.h
FNF:0
FNH:0
DA:74,0
DA:75,0
DA:97,0
DA:98,0
LF:4
LH:0
end_of_record
TN:
SF:/home/matic/Qt/6.2.2/gcc_64/include/QtCore/qmetatype.h
FNF:0
FNH:0
DA:444,0
LF:1
LH:0
end_of_record
TN:
SF:/home/matic/Qt/6.2.2/gcc_64/include/QtCore/qobject.h
FN:217,244,_ZN7QObject7connectIM15QAbstractButtonFvbEM12SudokuSolverFvvEEEN11QMetaObject10ConnectionEPKN9QtPrivate15FunctionPointerIT_E6ObjectESB_PKNSA_IT0_E6ObjectESG_N2Qt14ConnectionTypeE
FNDA:8,_ZN7QObject7connectIM15QAbstractButtonFvbEM12SudokuSolverFvvEEEN11QMetaObject10ConnectionEPKN9QtPrivate15FunctionPointerIT_E6ObjectESB_PKNSA_IT0_E6ObjectESG_N2Qt14ConnectionTypeE
FNF:1
FNH:1
DA:217,8
DA:235,8
DA:236,8
DA:237,0
DA:241,8
DA:243,8
DA:448,0
DA:453,0
LF:8
LH:5
end_of_record
TN:
SF:/home/matic/Qt/6.2.2/gcc_64/include/QtCore/qobject_impl.h
FNF:0
FNH:0
DA:75,0
LF:1
LH:0
end_of_record
TN:
SF:/home/matic/Qt/6.2.2/gcc_64/include/QtCore/qobjectdefs.h
FNF:0
FNH:0
DA:168,0
DA:169,0
LF:2
LH:0
end_of_record
TN:
SF:/home/matic/Qt/6.2.2/gcc_64/include/QtCore/qobjectdefs_impl.h
FN:151,153,_ZN9QtPrivate11FunctorCallINS_11IndexesListIJEEENS_4ListIJEEEvM12SudokuSolverFvvEE4callES7_PS5_PPv
FN:388,402,_ZN9QtPrivate11QSlotObjectIM12SudokuSolverFvvENS_4ListIJEEEvE4implEiPNS_15QSlotObjectBaseEP7QObjectPPvPb
FNDA:0,_ZN9QtPrivate11FunctorCallINS_11IndexesListIJEEENS_4ListIJEEEvM12SudokuSolverFvvEE4callES7_PS5_PPv
FNDA:8,_ZN9QtPrivate11QSlotObjectIM12SudokuSolverFvvENS_4ListIJEEEvE4implEiPNS_15QSlotObjectBaseEP7QObjectPPvPb
FNF:2
FNH:1
DA:88,0
DA:151,0
DA:152,0
DA:153,0
DA:184,0
DA:185,0
DA:368,8
DA:377,8
DA:384,8
DA:388,8
DA:390,8
DA:391,8
DA:392,8
DA:394,0
DA:395,0
DA:396,0
DA:397,0
DA:398,0
DA:399,0
DA:400,8
DA:402,8
DA:404,8
LF:22
LH:10
end_of_record
TN:
SF:/home/matic/Qt/6.2.2/gcc_64/include/QtCore/qrect.h
FNF:0
FNH:0
DA:182,32
DA:183,32
LF:2
LH:2
end_of_record
TN:
SF:/home/matic/Qt/6.2.2/gcc_64/include/QtCore/qscopedpointer.h
FNF:0
FNH:0
DA:125,32
DA:127,32
LF:2
LH:2
end_of_record
TN:
SF:/home/matic/Qt/6.2.2/gcc_64/include/QtCore/qsize.h
FNF:0
FNH:0
DA:146,8
LF:1
LH:1
end_of_record
TN:
SF:/home/matic/Qt/6.2.2/gcc_64/include/QtCore/qstring.h
FN:1131,1144,_ZN7QString17toIntegral_helperIiEET_11QStringViewPbi
FN:963,965,_ZN7QStringC2EPKc
FNDA:0,_ZN7QString17toIntegral_helperIiEET_11QStringViewPbi
FNDA:0,_ZN7QStringC2EPKc
FNF:2
FNH:0
DA:410,0
DA:843,0
DA:844,0
DA:963,0
DA:964,0
DA:965,0
DA:1073,0
DA:1131,0
DA:1137,0
DA:1138,0
DA:1139,0
DA:1140,0
DA:1143,0
DA:1213,8
DA:1214,8
DA:1302,744
LF:16
LH:3
end_of_record
TN:
SF:/home/matic/Qt/6.2.2/gcc_64/include/QtCore/qstringview.h
FNF:0
FNH:0
DA:183,0
DA:195,0
DA:196,0
DA:197,0
DA:220,0
DA:221,0
LF:6
LH:0
end_of_record
TN:
SF:/home/matic/Qt/6.2.2/gcc_64/include/QtTest/qtestcase.h
FN:482,487,_ZN5QTest8qCompareISt6vectorIS1_IiSaIiEESaIS3_EES5_EEbRKT_RKT0_PKcSD_SD_i
FNDA:2,_ZN5QTest8qCompareISt6vectorIS1_IiSaIiEESaIS3_EES5_EEbRKT_RKT0_PKcSD_SD_i
FNF:1
FNH:1
DA:482,2
DA:485,2
DA:486,2
LF:3
LH:3
end_of_record
TN:
SF:/home/matic/Qt/6.2.2/gcc_64/include/QtWidgets/qwidget.h
FNF:0
FNH:0
DA:845,8
DA:846,8
LF:2
LH:2
end_of_record
